{
  "RSpec": {
    "coverage": {
      "/Users/leerichardson/wdi/z_Code/rails_projects/GA_project04_offerUP/app/helpers/application_helper.rb": [
        1,
        null
      ],
      "/Users/leerichardson/wdi/z_Code/rails_projects/GA_project04_offerUP/app/helpers/friendships_helper.rb": [
        1,
        null
      ],
      "/Users/leerichardson/wdi/z_Code/rails_projects/GA_project04_offerUP/app/helpers/goods_helper.rb": [
        1,
        null
      ],
      "/Users/leerichardson/wdi/z_Code/rails_projects/GA_project04_offerUP/app/helpers/password_resets_helper.rb": [
        1,
        null
      ],
      "/Users/leerichardson/wdi/z_Code/rails_projects/GA_project04_offerUP/app/helpers/sessions_helper.rb": [
        1,
        null
      ],
      "/Users/leerichardson/wdi/z_Code/rails_projects/GA_project04_offerUP/app/helpers/users_helper.rb": [
        1,
        null
      ],
      "/Users/leerichardson/wdi/z_Code/rails_projects/GA_project04_offerUP/app/models/user.rb": [
        1,
        1,
        1,
        1,
        1,
        1,
        1,
        1,
        1,
        null,
        null,
        null,
        null,
        null,
        1,
        null,
        1,
        null,
        null,
        1,
        null,
        1,
        null,
        1,
        1,
        null,
        null,
        1,
        11,
        null,
        null,
        1,
        0,
        0,
        0,
        0,
        null,
        null,
        1,
        null,
        0,
        0,
        null,
        null
      ],
      "/Users/leerichardson/wdi/z_Code/rails_projects/GA_project04_offerUP/app/controllers/sessions_controller.rb": [
        1,
        1,
        10,
        0,
        null,
        10,
        null,
        null,
        null,
        1,
        null,
        5,
        5,
        null,
        null,
        4,
        4,
        null,
        1,
        1,
        null,
        null,
        null,
        1,
        1,
        1,
        null,
        null,
        1,
        null,
        null
      ],
      "/Users/leerichardson/wdi/z_Code/rails_projects/GA_project04_offerUP/app/controllers/application_controller.rb": [
        1,
        null,
        null,
        1,
        null,
        1,
        null,
        null,
        1,
        86,
        null,
        null,
        null,
        null,
        1,
        7,
        3,
        3,
        null,
        null,
        null
      ],
      "/Users/leerichardson/wdi/z_Code/rails_projects/GA_project04_offerUP/app/controllers/users_controller.rb": [
        1,
        1,
        null,
        1,
        null,
        1,
        1,
        null,
        1,
        1,
        1,
        null,
        0,
        null,
        null,
        null,
        1,
        5,
        null,
        null,
        1,
        3,
        null,
        null,
        1,
        null,
        null,
        1,
        3,
        null,
        3,
        3,
        null,
        1,
        1,
        2,
        1,
        null,
        4,
        2,
        null,
        null,
        null,
        null,
        1,
        0,
        0,
        0,
        0,
        null,
        0,
        0,
        null,
        null,
        null,
        null,
        1,
        0,
        0,
        0,
        0,
        null,
        null,
        null,
        1,
        null,
        1,
        6,
        null,
        null,
        null,
        1,
        3,
        null,
        null
      ],
      "/Users/leerichardson/wdi/z_Code/rails_projects/GA_project04_offerUP/app/models/good.rb": [
        1,
        1,
        null,
        1,
        1,
        null,
        1,
        0,
        null,
        1,
        1,
        null,
        null,
        null,
        null,
        null,
        null,
        1,
        null,
        1,
        null,
        null,
        1,
        null,
        1,
        3,
        null,
        null
      ],
      "/Users/leerichardson/wdi/z_Code/rails_projects/GA_project04_offerUP/app/models/friendship.rb": [
        1,
        1,
        1,
        null
      ],
      "/Users/leerichardson/wdi/z_Code/rails_projects/GA_project04_offerUP/app/controllers/goods_controller.rb": [
        1,
        1,
        1,
        null,
        1,
        null,
        1,
        0,
        0,
        null,
        0,
        0,
        null,
        null,
        0,
        null,
        null,
        0,
        null,
        0,
        null,
        0,
        0,
        null,
        null,
        0,
        null,
        null,
        null,
        null,
        null,
        null,
        null,
        null,
        0,
        null,
        null,
        1,
        0,
        null,
        null,
        1,
        null,
        null,
        1,
        2,
        null,
        null,
        1,
        null,
        null,
        1,
        2,
        2,
        2,
        2,
        2,
        2,
        2,
        2,
        2,
        1,
        null,
        2,
        1,
        null,
        null,
        null,
        null,
        1,
        0,
        0,
        0,
        0,
        null,
        0,
        0,
        null,
        null,
        null,
        null,
        1,
        0,
        0,
        0,
        0,
        null,
        null,
        null,
        1,
        null,
        1,
        2,
        null,
        null,
        null,
        1,
        2,
        null,
        null
      ],
      "/Users/leerichardson/wdi/z_Code/rails_projects/GA_project04_offerUP/app/mailers/user_mailer.rb": [
        1,
        null,
        null,
        null,
        null,
        null,
        null,
        1,
        1,
        1,
        null,
        1,
        null,
        null,
        null,
        null,
        null,
        null,
        null,
        1,
        0,
        0,
        0,
        null,
        null,
        null,
        null,
        null,
        null,
        null,
        1,
        0,
        0,
        null,
        0,
        null,
        null
      ],
      "/Users/leerichardson/wdi/z_Code/rails_projects/GA_project04_offerUP/app/mailers/application_mailer.rb": [
        1,
        1,
        1,
        null
      ]
    },
    "timestamp": 1427762330
  }
}
